C:\Users\kjk\AppData\Roaming\nvm\v12.15.0\NPM.CMD:1
:: Created by npm, please don't edit manually.
^

SyntaxError: Unexpected token ':'
    at Module._compile (internal/modules/cjs/loader.js:891:18)
    at Object.Module._extensions..js (internal/modules/cjs/loader.js:991:10)
    at Module.load (internal/modules/cjs/loader.js:811:32)
    at Function.Module._load (internal/modules/cjs/loader.js:723:14)
    at C:\Users\kjk\AppData\Roaming\npm\node_modules\pm2\lib\ProcessContainer.js:323:23
    at C:\Users\kjk\AppData\Roaming\npm\node_modules\pm2\node_modules\async\internal\once.js:12:16
    at next (C:\Users\kjk\AppData\Roaming\npm\node_modules\pm2\node_modules\async\waterfall.js:21:29)
    at C:\Users\kjk\AppData\Roaming\npm\node_modules\pm2\node_modules\async\internal\onlyOnce.js:12:16
    at WriteStream.<anonymous> (C:\Users\kjk\AppData\Roaming\npm\node_modules\pm2\lib\Utility.js:181:13)
    at WriteStream.emit (events.js:223:5)
C:\Users\kjk\AppData\Roaming\nvm\v12.15.0\NPM.CMD:1
:: Created by npm, please don't edit manually.
^

SyntaxError: Unexpected token ':'
    at Module._compile (internal/modules/cjs/loader.js:891:18)
    at Object.Module._extensions..js (internal/modules/cjs/loader.js:991:10)
    at Module.load (internal/modules/cjs/loader.js:811:32)
    at Function.Module._load (internal/modules/cjs/loader.js:723:14)
    at C:\Users\kjk\AppData\Roaming\npm\node_modules\pm2\lib\ProcessContainer.js:323:23
    at C:\Users\kjk\AppData\Roaming\npm\node_modules\pm2\node_modules\async\internal\once.js:12:16
    at next (C:\Users\kjk\AppData\Roaming\npm\node_modules\pm2\node_modules\async\waterfall.js:21:29)
    at C:\Users\kjk\AppData\Roaming\npm\node_modules\pm2\node_modules\async\internal\onlyOnce.js:12:16
    at WriteStream.<anonymous> (C:\Users\kjk\AppData\Roaming\npm\node_modules\pm2\lib\Utility.js:181:13)
    at WriteStream.emit (events.js:223:5)
C:\Users\kjk\AppData\Roaming\nvm\v12.15.0\NPM.CMD:1
:: Created by npm, please don't edit manually.
^

SyntaxError: Unexpected token ':'
    at Module._compile (internal/modules/cjs/loader.js:891:18)
    at Object.Module._extensions..js (internal/modules/cjs/loader.js:991:10)
    at Module.load (internal/modules/cjs/loader.js:811:32)
    at Function.Module._load (internal/modules/cjs/loader.js:723:14)
    at C:\Users\kjk\AppData\Roaming\npm\node_modules\pm2\lib\ProcessContainer.js:323:23
    at C:\Users\kjk\AppData\Roaming\npm\node_modules\pm2\node_modules\async\internal\once.js:12:16
    at next (C:\Users\kjk\AppData\Roaming\npm\node_modules\pm2\node_modules\async\waterfall.js:21:29)
    at C:\Users\kjk\AppData\Roaming\npm\node_modules\pm2\node_modules\async\internal\onlyOnce.js:12:16
    at WriteStream.<anonymous> (C:\Users\kjk\AppData\Roaming\npm\node_modules\pm2\lib\Utility.js:181:13)
    at WriteStream.emit (events.js:223:5)
C:\Users\kjk\AppData\Roaming\nvm\v12.15.0\NPM.CMD:1
:: Created by npm, please don't edit manually.
^

SyntaxError: Unexpected token ':'
    at Module._compile (internal/modules/cjs/loader.js:891:18)
    at Object.Module._extensions..js (internal/modules/cjs/loader.js:991:10)
    at Module.load (internal/modules/cjs/loader.js:811:32)
    at Function.Module._load (internal/modules/cjs/loader.js:723:14)
    at C:\Users\kjk\AppData\Roaming\npm\node_modules\pm2\lib\ProcessContainer.js:323:23
    at C:\Users\kjk\AppData\Roaming\npm\node_modules\pm2\node_modules\async\internal\once.js:12:16
    at next (C:\Users\kjk\AppData\Roaming\npm\node_modules\pm2\node_modules\async\waterfall.js:21:29)
    at C:\Users\kjk\AppData\Roaming\npm\node_modules\pm2\node_modules\async\internal\onlyOnce.js:12:16
    at WriteStream.<anonymous> (C:\Users\kjk\AppData\Roaming\npm\node_modules\pm2\lib\Utility.js:181:13)
    at WriteStream.emit (events.js:223:5)
C:\Users\kjk\AppData\Roaming\nvm\v12.15.0\NPM.CMD:1
:: Created by npm, please don't edit manually.
^

SyntaxError: Unexpected token ':'
    at Module._compile (internal/modules/cjs/loader.js:891:18)
    at Object.Module._extensions..js (internal/modules/cjs/loader.js:991:10)
    at Module.load (internal/modules/cjs/loader.js:811:32)
    at Function.Module._load (internal/modules/cjs/loader.js:723:14)
    at C:\Users\kjk\AppData\Roaming\npm\node_modules\pm2\lib\ProcessContainer.js:323:23
    at C:\Users\kjk\AppData\Roaming\npm\node_modules\pm2\node_modules\async\internal\once.js:12:16
    at next (C:\Users\kjk\AppData\Roaming\npm\node_modules\pm2\node_modules\async\waterfall.js:21:29)
    at C:\Users\kjk\AppData\Roaming\npm\node_modules\pm2\node_modules\async\internal\onlyOnce.js:12:16
    at WriteStream.<anonymous> (C:\Users\kjk\AppData\Roaming\npm\node_modules\pm2\lib\Utility.js:181:13)
    at WriteStream.emit (events.js:223:5)
C:\Users\kjk\AppData\Roaming\nvm\v12.15.0\NPM.CMD:1
:: Created by npm, please don't edit manually.
^

SyntaxError: Unexpected token ':'
    at Module._compile (internal/modules/cjs/loader.js:891:18)
    at Object.Module._extensions..js (internal/modules/cjs/loader.js:991:10)
    at Module.load (internal/modules/cjs/loader.js:811:32)
    at Function.Module._load (internal/modules/cjs/loader.js:723:14)
    at C:\Users\kjk\AppData\Roaming\npm\node_modules\pm2\lib\ProcessContainer.js:323:23
    at C:\Users\kjk\AppData\Roaming\npm\node_modules\pm2\node_modules\async\internal\once.js:12:16
    at next (C:\Users\kjk\AppData\Roaming\npm\node_modules\pm2\node_modules\async\waterfall.js:21:29)
    at C:\Users\kjk\AppData\Roaming\npm\node_modules\pm2\node_modules\async\internal\onlyOnce.js:12:16
    at WriteStream.<anonymous> (C:\Users\kjk\AppData\Roaming\npm\node_modules\pm2\lib\Utility.js:181:13)
    at WriteStream.emit (events.js:223:5)
C:\Users\kjk\AppData\Roaming\nvm\v12.15.0\NPM.CMD:1
:: Created by npm, please don't edit manually.
^

SyntaxError: Unexpected token ':'
    at Module._compile (internal/modules/cjs/loader.js:891:18)
    at Object.Module._extensions..js (internal/modules/cjs/loader.js:991:10)
    at Module.load (internal/modules/cjs/loader.js:811:32)
    at Function.Module._load (internal/modules/cjs/loader.js:723:14)
    at C:\Users\kjk\AppData\Roaming\npm\node_modules\pm2\lib\ProcessContainer.js:323:23
    at C:\Users\kjk\AppData\Roaming\npm\node_modules\pm2\node_modules\async\internal\once.js:12:16
    at next (C:\Users\kjk\AppData\Roaming\npm\node_modules\pm2\node_modules\async\waterfall.js:21:29)
    at C:\Users\kjk\AppData\Roaming\npm\node_modules\pm2\node_modules\async\internal\onlyOnce.js:12:16
    at WriteStream.<anonymous> (C:\Users\kjk\AppData\Roaming\npm\node_modules\pm2\lib\Utility.js:181:13)
    at WriteStream.emit (events.js:223:5)
C:\Users\kjk\AppData\Roaming\nvm\v12.15.0\NPM.CMD:1
:: Created by npm, please don't edit manually.
^

SyntaxError: Unexpected token ':'
    at Module._compile (internal/modules/cjs/loader.js:891:18)
    at Object.Module._extensions..js (internal/modules/cjs/loader.js:991:10)
    at Module.load (internal/modules/cjs/loader.js:811:32)
    at Function.Module._load (internal/modules/cjs/loader.js:723:14)
    at C:\Users\kjk\AppData\Roaming\npm\node_modules\pm2\lib\ProcessContainer.js:323:23
    at C:\Users\kjk\AppData\Roaming\npm\node_modules\pm2\node_modules\async\internal\once.js:12:16
    at next (C:\Users\kjk\AppData\Roaming\npm\node_modules\pm2\node_modules\async\waterfall.js:21:29)
    at C:\Users\kjk\AppData\Roaming\npm\node_modules\pm2\node_modules\async\internal\onlyOnce.js:12:16
    at WriteStream.<anonymous> (C:\Users\kjk\AppData\Roaming\npm\node_modules\pm2\lib\Utility.js:181:13)
    at WriteStream.emit (events.js:223:5)
C:\Users\kjk\AppData\Roaming\nvm\v12.15.0\NPM.CMD:1
:: Created by npm, please don't edit manually.
^

SyntaxError: Unexpected token ':'
    at Module._compile (internal/modules/cjs/loader.js:891:18)
    at Object.Module._extensions..js (internal/modules/cjs/loader.js:991:10)
    at Module.load (internal/modules/cjs/loader.js:811:32)
    at Function.Module._load (internal/modules/cjs/loader.js:723:14)
    at C:\Users\kjk\AppData\Roaming\npm\node_modules\pm2\lib\ProcessContainer.js:323:23
    at C:\Users\kjk\AppData\Roaming\npm\node_modules\pm2\node_modules\async\internal\once.js:12:16
    at next (C:\Users\kjk\AppData\Roaming\npm\node_modules\pm2\node_modules\async\waterfall.js:21:29)
    at C:\Users\kjk\AppData\Roaming\npm\node_modules\pm2\node_modules\async\internal\onlyOnce.js:12:16
    at WriteStream.<anonymous> (C:\Users\kjk\AppData\Roaming\npm\node_modules\pm2\lib\Utility.js:181:13)
    at WriteStream.emit (events.js:223:5)
C:\Users\kjk\AppData\Roaming\nvm\v12.15.0\NPM.CMD:1
:: Created by npm, please don't edit manually.
^

SyntaxError: Unexpected token ':'
    at Module._compile (internal/modules/cjs/loader.js:891:18)
    at Object.Module._extensions..js (internal/modules/cjs/loader.js:991:10)
    at Module.load (internal/modules/cjs/loader.js:811:32)
    at Function.Module._load (internal/modules/cjs/loader.js:723:14)
    at C:\Users\kjk\AppData\Roaming\npm\node_modules\pm2\lib\ProcessContainer.js:323:23
    at C:\Users\kjk\AppData\Roaming\npm\node_modules\pm2\node_modules\async\internal\once.js:12:16
    at next (C:\Users\kjk\AppData\Roaming\npm\node_modules\pm2\node_modules\async\waterfall.js:21:29)
    at C:\Users\kjk\AppData\Roaming\npm\node_modules\pm2\node_modules\async\internal\onlyOnce.js:12:16
    at WriteStream.<anonymous> (C:\Users\kjk\AppData\Roaming\npm\node_modules\pm2\lib\Utility.js:181:13)
    at WriteStream.emit (events.js:223:5)
C:\Users\kjk\AppData\Roaming\nvm\v12.15.0\NPM.CMD:1
:: Created by npm, please don't edit manually.
^

SyntaxError: Unexpected token ':'
    at Module._compile (internal/modules/cjs/loader.js:891:18)
    at Object.Module._extensions..js (internal/modules/cjs/loader.js:991:10)
    at Module.load (internal/modules/cjs/loader.js:811:32)
    at Function.Module._load (internal/modules/cjs/loader.js:723:14)
    at C:\Users\kjk\AppData\Roaming\npm\node_modules\pm2\lib\ProcessContainer.js:323:23
    at C:\Users\kjk\AppData\Roaming\npm\node_modules\pm2\node_modules\async\internal\once.js:12:16
    at next (C:\Users\kjk\AppData\Roaming\npm\node_modules\pm2\node_modules\async\waterfall.js:21:29)
    at C:\Users\kjk\AppData\Roaming\npm\node_modules\pm2\node_modules\async\internal\onlyOnce.js:12:16
    at WriteStream.<anonymous> (C:\Users\kjk\AppData\Roaming\npm\node_modules\pm2\lib\Utility.js:181:13)
    at WriteStream.emit (events.js:223:5)
C:\Users\kjk\AppData\Roaming\nvm\v12.15.0\NPM.CMD:1
:: Created by npm, please don't edit manually.
^

SyntaxError: Unexpected token ':'
    at Module._compile (internal/modules/cjs/loader.js:891:18)
    at Object.Module._extensions..js (internal/modules/cjs/loader.js:991:10)
    at Module.load (internal/modules/cjs/loader.js:811:32)
    at Function.Module._load (internal/modules/cjs/loader.js:723:14)
    at C:\Users\kjk\AppData\Roaming\npm\node_modules\pm2\lib\ProcessContainer.js:323:23
    at C:\Users\kjk\AppData\Roaming\npm\node_modules\pm2\node_modules\async\internal\once.js:12:16
    at next (C:\Users\kjk\AppData\Roaming\npm\node_modules\pm2\node_modules\async\waterfall.js:21:29)
    at C:\Users\kjk\AppData\Roaming\npm\node_modules\pm2\node_modules\async\internal\onlyOnce.js:12:16
    at WriteStream.<anonymous> (C:\Users\kjk\AppData\Roaming\npm\node_modules\pm2\lib\Utility.js:181:13)
    at WriteStream.emit (events.js:223:5)
C:\Users\kjk\AppData\Roaming\nvm\v12.15.0\NPM.CMD:1
:: Created by npm, please don't edit manually.
^

SyntaxError: Unexpected token ':'
    at Module._compile (internal/modules/cjs/loader.js:891:18)
    at Object.Module._extensions..js (internal/modules/cjs/loader.js:991:10)
    at Module.load (internal/modules/cjs/loader.js:811:32)
    at Function.Module._load (internal/modules/cjs/loader.js:723:14)
    at C:\Users\kjk\AppData\Roaming\npm\node_modules\pm2\lib\ProcessContainer.js:323:23
    at C:\Users\kjk\AppData\Roaming\npm\node_modules\pm2\node_modules\async\internal\once.js:12:16
    at next (C:\Users\kjk\AppData\Roaming\npm\node_modules\pm2\node_modules\async\waterfall.js:21:29)
    at C:\Users\kjk\AppData\Roaming\npm\node_modules\pm2\node_modules\async\internal\onlyOnce.js:12:16
    at WriteStream.<anonymous> (C:\Users\kjk\AppData\Roaming\npm\node_modules\pm2\lib\Utility.js:181:13)
    at WriteStream.emit (events.js:223:5)
C:\Users\kjk\AppData\Roaming\nvm\v12.15.0\NPM.CMD:1
:: Created by npm, please don't edit manually.
^

SyntaxError: Unexpected token ':'
    at Module._compile (internal/modules/cjs/loader.js:891:18)
    at Object.Module._extensions..js (internal/modules/cjs/loader.js:991:10)
    at Module.load (internal/modules/cjs/loader.js:811:32)
    at Function.Module._load (internal/modules/cjs/loader.js:723:14)
    at C:\Users\kjk\AppData\Roaming\npm\node_modules\pm2\lib\ProcessContainer.js:323:23
    at C:\Users\kjk\AppData\Roaming\npm\node_modules\pm2\node_modules\async\internal\once.js:12:16
    at next (C:\Users\kjk\AppData\Roaming\npm\node_modules\pm2\node_modules\async\waterfall.js:21:29)
    at C:\Users\kjk\AppData\Roaming\npm\node_modules\pm2\node_modules\async\internal\onlyOnce.js:12:16
    at WriteStream.<anonymous> (C:\Users\kjk\AppData\Roaming\npm\node_modules\pm2\lib\Utility.js:181:13)
    at WriteStream.emit (events.js:223:5)
C:\Users\kjk\AppData\Roaming\nvm\v12.15.0\NPM.CMD:1
:: Created by npm, please don't edit manually.
^

SyntaxError: Unexpected token ':'
    at Module._compile (internal/modules/cjs/loader.js:891:18)
    at Object.Module._extensions..js (internal/modules/cjs/loader.js:991:10)
    at Module.load (internal/modules/cjs/loader.js:811:32)
    at Function.Module._load (internal/modules/cjs/loader.js:723:14)
    at C:\Users\kjk\AppData\Roaming\npm\node_modules\pm2\lib\ProcessContainer.js:323:23
    at C:\Users\kjk\AppData\Roaming\npm\node_modules\pm2\node_modules\async\internal\once.js:12:16
    at next (C:\Users\kjk\AppData\Roaming\npm\node_modules\pm2\node_modules\async\waterfall.js:21:29)
    at C:\Users\kjk\AppData\Roaming\npm\node_modules\pm2\node_modules\async\internal\onlyOnce.js:12:16
    at WriteStream.<anonymous> (C:\Users\kjk\AppData\Roaming\npm\node_modules\pm2\lib\Utility.js:181:13)
    at WriteStream.emit (events.js:223:5)
C:\Users\kjk\AppData\Roaming\nvm\v12.15.0\NPM.CMD:1
:: Created by npm, please don't edit manually.
^

SyntaxError: Unexpected token ':'
    at Module._compile (internal/modules/cjs/loader.js:891:18)
    at Object.Module._extensions..js (internal/modules/cjs/loader.js:991:10)
    at Module.load (internal/modules/cjs/loader.js:811:32)
    at Function.Module._load (internal/modules/cjs/loader.js:723:14)
    at C:\Users\kjk\AppData\Roaming\npm\node_modules\pm2\lib\ProcessContainer.js:323:23
    at C:\Users\kjk\AppData\Roaming\npm\node_modules\pm2\node_modules\async\internal\once.js:12:16
    at next (C:\Users\kjk\AppData\Roaming\npm\node_modules\pm2\node_modules\async\waterfall.js:21:29)
    at C:\Users\kjk\AppData\Roaming\npm\node_modules\pm2\node_modules\async\internal\onlyOnce.js:12:16
    at WriteStream.<anonymous> (C:\Users\kjk\AppData\Roaming\npm\node_modules\pm2\lib\Utility.js:181:13)
    at WriteStream.emit (events.js:223:5)
C:\Users\kjk\AppData\Roaming\nvm\v12.15.0\NPM.CMD:1
:: Created by npm, please don't edit manually.
^

SyntaxError: Unexpected token ':'
    at Module._compile (internal/modules/cjs/loader.js:891:18)
    at Object.Module._extensions..js (internal/modules/cjs/loader.js:991:10)
    at Module.load (internal/modules/cjs/loader.js:811:32)
    at Function.Module._load (internal/modules/cjs/loader.js:723:14)
    at C:\Users\kjk\AppData\Roaming\npm\node_modules\pm2\lib\ProcessContainer.js:323:23
    at C:\Users\kjk\AppData\Roaming\npm\node_modules\pm2\node_modules\async\internal\once.js:12:16
    at next (C:\Users\kjk\AppData\Roaming\npm\node_modules\pm2\node_modules\async\waterfall.js:21:29)
    at C:\Users\kjk\AppData\Roaming\npm\node_modules\pm2\node_modules\async\internal\onlyOnce.js:12:16
    at WriteStream.<anonymous> (C:\Users\kjk\AppData\Roaming\npm\node_modules\pm2\lib\Utility.js:181:13)
    at WriteStream.emit (events.js:223:5)
